<?xml version="1.0" encoding="UTF-8"?>
<!-- Generated by org.testng.reporters.JUnitXMLReporter -->
<testsuite ignored="0" hostname="LIN51012704" failures="0" tests="6" name="Default test" time="18.084" errors="0" timestamp="2024-03-18T15:25:31 IST">
  <testcase classname="api.test.DDTests" name="testpostuser" time="4.8"/>
  <testcase classname="api.test.DDTests" name="testpostuser" time="1.824"/>
  <testcase classname="api.test.DDTests" name="testpostuser" time="1.858"/>
  <testcase classname="api.test.DDTests" name="deleteuser" time="2.564"/>
  <testcase classname="api.test.DDTests" name="deleteuser" time="1.798"/>
  <testcase classname="api.test.DDTests" name="deleteuser" time="1.75"/>
</testsuite> <!-- Default test -->
