<?xml version="1.0" encoding="UTF-8"?>
<testsuite xmlns:xsi="http://www.w3.org/2001/XMLSchema-instance" xsi:noNamespaceSchemaLocation="https://maven.apache.org/surefire/maven-surefire-plugin/xsd/surefire-test-report-3.0.xsd" version="3.0" name="TestSuite" time="14.182" tests="4" errors="0" skipped="0" failures="0">
  <properties>
[...]
</properties>
  <testcase name="testCreateuser" classname="api.test.Usertest3" time="4.327">
    <system-out><![CDATA[HTTP/1.1 200 OK
Date: Tue, 19 Mar 2024 16:28:03 GMT
Content-Type: application/json
Transfer-Encoding: chunked
Connection: keep-alive
Access-Control-Allow-Origin: *
Access-Control-Allow-Methods: GET, POST, DELETE, PUT
Access-Control-Allow-Headers: Content-Type, api_key, Authorization
Server: Jetty(9.2.9.v20150224)

{
    "code": 200,
    "type": "unknown",
    "message": "2091072548"
}
]]></system-out>
    <system-err><![CDATA[SLF4J: Failed to load class "org.slf4j.impl.StaticLoggerBinder".
SLF4J: Defaulting to no-operation (NOP) logger implementation
SLF4J: See http://www.slf4j.org/codes.html#StaticLoggerBinder for further details.
]]></system-err>
  </testcase>
  <testcase name="testreaduser" classname="api.test.Usertest3" time="2.14">
    <system-out><![CDATA[HTTP/1.1 200 OK
Date: Tue, 19 Mar 2024 16:28:05 GMT
Content-Type: application/json
Transfer-Encoding: chunked
Connection: keep-alive
Access-Control-Allow-Origin: *
Access-Control-Allow-Methods: GET, POST, DELETE, PUT
Access-Control-Allow-Headers: Content-Type, api_key, Authorization
Server: Jetty(9.2.9.v20150224)

{
    "id": 2091072548,
    "username": "chester.muller",
    "firstName": "Mauricio",
    "lastName": "Sanford",
    "email": "sidney.keebler@example.com",
    "password": "qnl1p5k",
    "phone": "1-740-726-8396",
    "userStatus": 1
}
]]></system-out>
  </testcase>
  <testcase name="testupdateuser" classname="api.test.Usertest3" time="1.725">
    <system-out><![CDATA[HTTP/1.1 200 OK
Date: Tue, 19 Mar 2024 16:28:07 GMT
Content-Type: application/json
Transfer-Encoding: chunked
Connection: keep-alive
Access-Control-Allow-Origin: *
Access-Control-Allow-Methods: GET, POST, DELETE, PUT
Access-Control-Allow-Headers: Content-Type, api_key, Authorization
Server: Jetty(9.2.9.v20150224)

{
    "code": 200,
    "type": "unknown",
    "message": "2091072548"
}
]]></system-out>
  </testcase>
  <testcase name="testdeleteuser" classname="api.test.Usertest3" time="3.167">
    <system-out><![CDATA[HTTP/1.1 200 OK
Date: Tue, 19 Mar 2024 16:28:09 GMT
Content-Type: application/json
Transfer-Encoding: chunked
Connection: keep-alive
Access-Control-Allow-Origin: *
Access-Control-Allow-Methods: GET, POST, DELETE, PUT
Access-Control-Allow-Headers: Content-Type, api_key, Authorization
Server: Jetty(9.2.9.v20150224)

{
    "code": 200,
    "type": "unknown",
    "message": "chester.muller"
}
]]></system-out>
  </testcase>
</testsuite>