<?xml version="1.0" encoding="UTF-8"?>
<testng-results ignored="0" total="9" passed="9" failed="0" skipped="0">
  <reporter-output>
  </reporter-output>
  <suite started-at="2024-08-26T12:31:09 IST" name="PetSuite" finished-at="2024-08-26T12:31:32 IST" duration-ms="23148">
    <groups>
    </groups>
    <test started-at="2024-08-26T12:31:09 IST" name="PetTests" finished-at="2024-08-26T12:31:32 IST" duration-ms="23148">
      <class name="api.test.DDTests">
        <test-method signature="testpostuser(java.lang.String,java.lang.String,java.lang.String,java.lang.String,java.lang.String,java.lang.String,java.lang.String)[pri:1, instance:api.test.DDTests@22ef9844]" started-at="2024-08-26T12:31:14 IST" name="testpostuser" data-provider="Data" finished-at="2024-08-26T12:31:19 IST" duration-ms="5658" status="PASS">
          <params>
            <param index="0">
              <value>
                <![CDATA[1010]]>
              </value>
            </param>
            <param index="1">
              <value>
                <![CDATA[testuser1]]>
              </value>
            </param>
            <param index="2">
              <value>
                <![CDATA[John]]>
              </value>
            </param>
            <param index="3">
              <value>
                <![CDATA[Canedy]]>
              </value>
            </param>
            <param index="4">
              <value>
                <![CDATA[a@gmail.com]]>
              </value>
            </param>
            <param index="5">
              <value>
                <![CDATA[test@1]]>
              </value>
            </param>
            <param index="6">
              <value>
                <![CDATA[1234567897]]>
              </value>
            </param>
          </params>
          <reporter-output>
          </reporter-output>
        </test-method> <!-- testpostuser -->
        <test-method signature="testpostuser(java.lang.String,java.lang.String,java.lang.String,java.lang.String,java.lang.String,java.lang.String,java.lang.String)[pri:1, instance:api.test.DDTests@22ef9844]" started-at="2024-08-26T12:31:19 IST" name="testpostuser" data-provider="Data" finished-at="2024-08-26T12:31:21 IST" duration-ms="1586" status="PASS">
          <params>
            <param index="0">
              <value>
                <![CDATA[1020]]>
              </value>
            </param>
            <param index="1">
              <value>
                <![CDATA[testuser2]]>
              </value>
            </param>
            <param index="2">
              <value>
                <![CDATA[Kim]]>
              </value>
            </param>
            <param index="3">
              <value>
                <![CDATA[Kom]]>
              </value>
            </param>
            <param index="4">
              <value>
                <![CDATA[b@gmail.com]]>
              </value>
            </param>
            <param index="5">
              <value>
                <![CDATA[test@2]]>
              </value>
            </param>
            <param index="6">
              <value>
                <![CDATA[1234567897]]>
              </value>
            </param>
          </params>
          <reporter-output>
          </reporter-output>
        </test-method> <!-- testpostuser -->
        <test-method signature="testpostuser(java.lang.String,java.lang.String,java.lang.String,java.lang.String,java.lang.String,java.lang.String,java.lang.String)[pri:1, instance:api.test.DDTests@22ef9844]" started-at="2024-08-26T12:31:21 IST" name="testpostuser" data-provider="Data" finished-at="2024-08-26T12:31:23 IST" duration-ms="1628" status="PASS">
          <params>
            <param index="0">
              <value>
                <![CDATA[1030]]>
              </value>
            </param>
            <param index="1">
              <value>
                <![CDATA[testuser3]]>
              </value>
            </param>
            <param index="2">
              <value>
                <![CDATA[Smith]]>
              </value>
            </param>
            <param index="3">
              <value>
                <![CDATA[Steve]]>
              </value>
            </param>
            <param index="4">
              <value>
                <![CDATA[c@gmail.com]]>
              </value>
            </param>
            <param index="5">
              <value>
                <![CDATA[test@3]]>
              </value>
            </param>
            <param index="6">
              <value>
                <![CDATA[1234567897]]>
              </value>
            </param>
          </params>
          <reporter-output>
          </reporter-output>
        </test-method> <!-- testpostuser -->
        <test-method signature="get2user(java.lang.String)[pri:2, instance:api.test.DDTests@22ef9844]" started-at="2024-08-26T12:31:23 IST" name="get2user" data-provider="UserNames" finished-at="2024-08-26T12:31:24 IST" duration-ms="1601" status="PASS">
          <params>
            <param index="0">
              <value>
                <![CDATA[testuser1]]>
              </value>
            </param>
          </params>
          <reporter-output>
          </reporter-output>
        </test-method> <!-- get2user -->
        <test-method signature="get2user(java.lang.String)[pri:2, instance:api.test.DDTests@22ef9844]" started-at="2024-08-26T12:31:24 IST" name="get2user" data-provider="UserNames" finished-at="2024-08-26T12:31:26 IST" duration-ms="1484" status="PASS">
          <params>
            <param index="0">
              <value>
                <![CDATA[testuser2]]>
              </value>
            </param>
          </params>
          <reporter-output>
          </reporter-output>
        </test-method> <!-- get2user -->
        <test-method signature="get2user(java.lang.String)[pri:2, instance:api.test.DDTests@22ef9844]" started-at="2024-08-26T12:31:26 IST" name="get2user" data-provider="UserNames" finished-at="2024-08-26T12:31:28 IST" duration-ms="1715" status="PASS">
          <params>
            <param index="0">
              <value>
                <![CDATA[testuser3]]>
              </value>
            </param>
          </params>
          <reporter-output>
          </reporter-output>
        </test-method> <!-- get2user -->
        <test-method signature="deleteuser(java.lang.String)[pri:3, instance:api.test.DDTests@22ef9844]" started-at="2024-08-26T12:31:28 IST" name="deleteuser" data-provider="UserId" finished-at="2024-08-26T12:31:29 IST" duration-ms="1555" status="PASS">
          <params>
            <param index="0">
              <value>
                <![CDATA[testuser1]]>
              </value>
            </param>
          </params>
          <reporter-output>
          </reporter-output>
        </test-method> <!-- deleteuser -->
        <test-method signature="deleteuser(java.lang.String)[pri:3, instance:api.test.DDTests@22ef9844]" started-at="2024-08-26T12:31:29 IST" name="deleteuser" data-provider="UserId" finished-at="2024-08-26T12:31:31 IST" duration-ms="1462" status="PASS">
          <params>
            <param index="0">
              <value>
                <![CDATA[testuser2]]>
              </value>
            </param>
          </params>
          <reporter-output>
          </reporter-output>
        </test-method> <!-- deleteuser -->
        <test-method signature="deleteuser(java.lang.String)[pri:3, instance:api.test.DDTests@22ef9844]" started-at="2024-08-26T12:31:31 IST" name="deleteuser" data-provider="UserId" finished-at="2024-08-26T12:31:32 IST" duration-ms="1397" status="PASS">
          <params>
            <param index="0">
              <value>
                <![CDATA[testuser3]]>
              </value>
            </param>
          </params>
          <reporter-output>
          </reporter-output>
        </test-method> <!-- deleteuser -->
      </class> <!-- api.test.DDTests -->
    </test> <!-- PetTests -->
  </suite> <!-- PetSuite -->
</testng-results>
