<?xml version="1.0" encoding="UTF-8"?>
<!-- Generated by org.testng.reporters.JUnitXMLReporter -->
<testsuite ignored="0" hostname="LIN51012704" failures="0" tests="4" name="PetTests" time="12.467" errors="0" timestamp="2024-03-19T21:58:11 IST">
  <testcase classname="api.test.Usertest3" name="testCreateuser" time="4.311"/>
  <testcase classname="api.test.Usertest3" name="testreaduser" time="2.133"/>
  <testcase classname="api.test.Usertest3" name="testupdateuser" time="1.722"/>
  <testcase classname="api.test.Usertest3" name="testdeleteuser" time="3.166"/>
</testsuite> <!-- PetTests -->
