<?xml version="1.0" encoding="UTF-8"?>
<!-- Generated by org.testng.reporters.JUnitXMLReporter -->
<testsuite ignored="0" hostname="LIN51012704" failures="0" tests="9" name="PetTests" time="23.148" errors="0" timestamp="2024-08-26T12:31:33 IST">
  <testcase classname="api.test.DDTests" name="testpostuser" time="5.658"/>
  <testcase classname="api.test.DDTests" name="testpostuser" time="1.586"/>
  <testcase classname="api.test.DDTests" name="testpostuser" time="1.628"/>
  <testcase classname="api.test.DDTests" name="get2user" time="1.601"/>
  <testcase classname="api.test.DDTests" name="get2user" time="1.484"/>
  <testcase classname="api.test.DDTests" name="get2user" time="1.715"/>
  <testcase classname="api.test.DDTests" name="deleteuser" time="1.555"/>
  <testcase classname="api.test.DDTests" name="deleteuser" time="1.462"/>
  <testcase classname="api.test.DDTests" name="deleteuser" time="1.397"/>
</testsuite> <!-- PetTests -->
