<?xml version="1.0" encoding="UTF-8"?>
<!-- Generated by org.testng.reporters.JUnitXMLReporter -->
<testsuite ignored="0" hostname="LIN51012704" failures="0" tests="4" name="PetTests" time="11.485" errors="0" timestamp="2024-03-19T09:11:14 IST">
  <testcase classname="api.test.Usertest3" name="testCreateuser" time="3.988"/>
  <testcase classname="api.test.Usertest3" name="testreaduser" time="1.933"/>
  <testcase classname="api.test.Usertest3" name="testupdateuser" time="1.978"/>
  <testcase classname="api.test.Usertest3" name="testdeleteuser" time="2.166"/>
</testsuite> <!-- PetTests -->
