<?xml version="1.0" encoding="UTF-8"?>
<!-- Generated by org.testng.reporters.JUnitXMLReporter -->
<testsuite ignored="0" hostname="LIN51012704" failures="0" tests="9" name="PetTests" time="21.01" errors="0" timestamp="2024-08-26T12:21:54 IST">
  <testcase classname="api.test.DDTests" name="testpostuser" time="5.621"/>
  <testcase classname="api.test.DDTests" name="testpostuser" time="1.6"/>
  <testcase classname="api.test.DDTests" name="testpostuser" time="1.593"/>
  <testcase classname="api.test.DDTests" name="get2user" time="1.658"/>
  <testcase classname="api.test.DDTests" name="get2user" time="1.594"/>
  <testcase classname="api.test.DDTests" name="get2user" time="1.597"/>
  <testcase classname="api.test.DDTests" name="deleteuser" time="1.508"/>
  <testcase classname="api.test.DDTests" name="deleteuser" time="1.592"/>
  <testcase classname="api.test.DDTests" name="deleteuser" time="1.465"/>
</testsuite> <!-- PetTests -->
